[2024-09-16T14:23:03.582+0000] {warnings.py:110} WARNING - /home/***/.local/lib/python3.7/site-packages/***/utils/sqlalchemy.py:124: DeprecationWarning: The sql_alchemy_conn option in [core] has been moved to the sql_alchemy_conn option in [database] - the old setting has been used, but please update your config.
  return not conf.get("database", "sql_alchemy_conn").startswith("mssql")

[2024-09-16T14:23:03.592+0000] {taskinstance.py:1125} INFO - Dependencies all met for dep_context=non-requeueable deps ti=<TaskInstance: youtube_comments_etl.load_comments scheduled__2024-09-15T00:00:00+00:00 [queued]>
[2024-09-16T14:23:03.600+0000] {taskinstance.py:1125} INFO - Dependencies all met for dep_context=requeueable deps ti=<TaskInstance: youtube_comments_etl.load_comments scheduled__2024-09-15T00:00:00+00:00 [queued]>
[2024-09-16T14:23:03.601+0000] {taskinstance.py:1331} INFO - Starting attempt 1 of 2
[2024-09-16T14:23:03.614+0000] {taskinstance.py:1350} INFO - Executing <Task(PythonOperator): load_comments> on 2024-09-15 00:00:00+00:00
[2024-09-16T14:23:03.619+0000] {standard_task_runner.py:57} INFO - Started process 66 to run task
[2024-09-16T14:23:03.622+0000] {standard_task_runner.py:84} INFO - Running: ['***', 'tasks', 'run', 'youtube_comments_etl', 'load_comments', 'scheduled__2024-09-15T00:00:00+00:00', '--job-id', '8', '--raw', '--subdir', 'DAGS_FOLDER/youtube_comments_dag.py', '--cfg-path', '/tmp/tmprl6v672b']
[2024-09-16T14:23:03.624+0000] {standard_task_runner.py:85} INFO - Job 8: Subtask load_comments
[2024-09-16T14:23:03.636+0000] {warnings.py:110} WARNING - /home/***/.local/lib/python3.7/site-packages/***/settings.py:188: DeprecationWarning: The sql_alchemy_conn option in [core] has been moved to the sql_alchemy_conn option in [database] - the old setting has been used, but please update your config.
  SQL_ALCHEMY_CONN = conf.get("database", "SQL_ALCHEMY_CONN")

[2024-09-16T14:23:03.668+0000] {task_command.py:410} INFO - Running <TaskInstance: youtube_comments_etl.load_comments scheduled__2024-09-15T00:00:00+00:00 [running]> on host 9fbb4b2ec6ca
[2024-09-16T14:23:03.807+0000] {warnings.py:110} WARNING - /home/***/.local/lib/python3.7/site-packages/***/utils/sqlalchemy.py:124: DeprecationWarning: The sql_alchemy_conn option in [core] has been moved to the sql_alchemy_conn option in [database] - the old setting has been used, but please update your config.
  return not conf.get("database", "sql_alchemy_conn").startswith("mssql")

[2024-09-16T14:23:03.867+0000] {taskinstance.py:1570} INFO - Exporting env vars: AIRFLOW_CTX_DAG_OWNER='***' AIRFLOW_CTX_DAG_ID='youtube_comments_etl' AIRFLOW_CTX_TASK_ID='load_comments' AIRFLOW_CTX_EXECUTION_DATE='2024-09-15T00:00:00+00:00' AIRFLOW_CTX_TRY_NUMBER='1' AIRFLOW_CTX_DAG_RUN_ID='scheduled__2024-09-15T00:00:00+00:00'
[2024-09-16T14:23:03.883+0000] {logging_mixin.py:149} INFO - Data loaded into /opt/***/dags/youtube_comments.csv
[2024-09-16T14:23:03.884+0000] {python.py:183} INFO - Done. Returned value was: None
[2024-09-16T14:23:03.892+0000] {taskinstance.py:1373} INFO - Marking task as SUCCESS. dag_id=youtube_comments_etl, task_id=load_comments, execution_date=20240915T000000, start_date=20240916T142303, end_date=20240916T142303
[2024-09-16T14:23:03.915+0000] {local_task_job_runner.py:232} INFO - Task exited with return code 0
[2024-09-16T14:23:03.930+0000] {taskinstance.py:2674} INFO - 0 downstream tasks scheduled from follow-on schedule check
